#
# A fatal error has been detected by the Java Runtime Environment:
#
#  EXCEPTION_ACCESS_VIOLATION (0xc0000005) at pc=0x0000000055321c17, pid=1252, tid=13492
#
# JRE version: Java(TM) SE Runtime Environment (8.0_74-b02) (build 1.8.0_74-b02)
# Java VM: Java HotSpot(TM) 64-Bit Server VM (25.74-b02 mixed mode windows-amd64 compressed oops)
# Problematic frame:
# V  [jvm.dll+0x211c17]
#
# Failed to write core dump. Minidumps are not enabled by default on client versions of Windows
#
# If you would like to submit a bug report, please visit:
#   http://bugreport.java.com/bugreport/crash.jsp
#

---------------  T H R E A D  ---------------

Current thread (0x000000001e4c8800):  JavaThread "redisson-netty-4-18" [_thread_in_vm, id=13492, stack(0x0000000020ad0000,0x0000000020bd0000)]

siginfo: ExceptionCode=0xc0000005, writing address 0x0000000020bc9420

Registers:
RAX=0x0000000020bc9420, RBX=0x0000000000000007, RCX=0x0000000000006000, RDX=0x0000000000000006
RSP=0x0000000020bcf420, RBP=0x0000000000000000, RSI=0x0000000020bcf420, RDI=0x0000000000000007
R8 =0x0000000000000006, R9 =0x000000001af115b0, R10=0x0000000016e1d3f8, R11=0x0000000020ada148
R12=0x000000001af115b0, R13=0x000000001e4c8800, R14=0x0000000020bcf4e8, R15=0x0000000016e1d3f8
RIP=0x0000000055321c17, EFLAGS=0x0000000000010202

Top of Stack: (sp=0x0000000020bcf420)
0x0000000020bcf420:   0000000000000000 0000000000000000
0x0000000020bcf430:   000000001e4c8800 000000001af115b0
0x0000000020bcf440:   00000000ffffffff 0000000055322b47
0x0000000020bcf450:   0000000020bcf550 0000000016e1d3f8
0x0000000020bcf460:   000000001e4c8800 00000000551cf7a3
0x0000000020bcf470:   0000000020bcf4b0 000000001e4c8800
0x0000000020bcf480:   0000000020bcf540 000000001e4c8800
0x0000000020bcf490:   0000000016e1d3f8 000000001e4c8800
0x0000000020bcf4a0:   0000000002a510e0 000000001e4c8800
0x0000000020bcf4b0:   0000000016e1d3f8 000000001e4c8800
0x0000000020bcf4c0:   0000000016e1d3f8 000000001e4c8800
0x0000000020bcf4d0:   0000000000000001 0000000016e1d3f8
0x0000000020bcf4e0:   000000001e4c8800 000000001e418e90
0x0000000020bcf4f0:   000000001e4c8800 00000000551d0c8d
0x0000000020bcf500:   0000000020bcf808 000000013fe469a0
0x0000000020bcf510:   00000001403b23a8 0000000000000000 

Instructions: (pc=0x0000000055321c17)
0x0000000055321bf7:   48 89 6c 24 30 33 ed 66 90 e8 4b 36 08 00 ff c3
0x0000000055321c07:   48 63 c8 48 8b c6 48 0f af cf 48 ff c7 48 2b c1
0x0000000055321c17:   89 28 48 63 c3 48 3b 05 6d aa 58 00 7e db 48 8b
0x0000000055321c27:   6c 24 30 48 8b 5c 24 38 48 8b 74 24 40 48 83 c4 


Register to memory mapping:

RAX=0x0000000020bc9420 is pointing into the stack for thread: 0x000000001e4c8800
RBX=0x0000000000000007 is an unknown value
RCX=0x0000000000006000 is an unknown value
RDX=0x0000000000000006 is an unknown value
RSP=0x0000000020bcf420 is pointing into the stack for thread: 0x000000001e4c8800
RBP=0x0000000000000000 is an unknown value
RSI=0x0000000020bcf420 is pointing into the stack for thread: 0x000000001e4c8800
RDI=0x0000000000000007 is an unknown value
R8 =0x0000000000000006 is an unknown value
R9 =0x000000001af115b0 is an unknown value
R10={method} {0x0000000016e1d400} 'run' '()V' in 'java/lang/Thread'
R11=0x0000000020ada148 is pointing into the stack for thread: 0x000000001e4c8800
R12=0x000000001af115b0 is an unknown value
R13=0x000000001e4c8800 is a thread
R14=0x0000000020bcf4e8 is pointing into the stack for thread: 0x000000001e4c8800
R15={method} {0x0000000016e1d400} 'run' '()V' in 'java/lang/Thread'


Stack: [0x0000000020ad0000,0x0000000020bd0000],  sp=0x0000000020bcf420,  free space=1021k
Native frames: (J=compiled Java code, j=interpreted, Vv=VM code, C=native code)


---------------  P R O C E S S  ---------------

Java Threads: ( => current thread )
  0x000000001e4ca000 JavaThread "redisson-netty-4-19" [_thread_blocked, id=9480, stack(0x0000000020ce0000,0x0000000020de0000)]
  0x000000001e4c9000 JavaThread "redisson-netty-4-17" [_thread_blocked, id=15880, stack(0x0000000020be0000,0x0000000020ce0000)]
=>0x000000001e4c8800 JavaThread "redisson-netty-4-18" [_thread_in_vm, id=13492, stack(0x0000000020ad0000,0x0000000020bd0000)]
  0x000000001e4c7800 JavaThread "redisson-netty-4-16" [_thread_blocked, id=12132, stack(0x00000000209c0000,0x0000000020ac0000)]
  0x000000001e4c7000 JavaThread "redisson-netty-4-15" [_thread_in_native, id=14976, stack(0x0000000020840000,0x0000000020940000)]
  0x000000001e4c6000 JavaThread "redisson-netty-4-14" [_thread_in_native, id=14264, stack(0x00000000205c0000,0x00000000206c0000)]
  0x000000001e4c5800 JavaThread "redisson-netty-4-13" [_thread_in_native, id=304, stack(0x0000000020370000,0x0000000020470000)]
  0x000000001e4c4800 JavaThread "redisson-netty-4-12" [_thread_in_native, id=9476, stack(0x000000001fe80000,0x000000001ff80000)]
  0x000000001e4c4000 JavaThread "redisson-netty-4-11" [_thread_in_native, id=13144, stack(0x0000000020270000,0x0000000020370000)]
  0x000000001e4c3000 JavaThread "redisson-netty-4-10" [_thread_in_native, id=1712, stack(0x0000000020170000,0x0000000020270000)]
  0x000000001e4c2800 JavaThread "redisson-netty-4-9" [_thread_in_native, id=12596, stack(0x000000001ffb0000,0x00000000200b0000)]
  0x000000001e4c1800 JavaThread "redisson-netty-4-8" [_thread_in_native, id=10756, stack(0x000000001f8b0000,0x000000001f9b0000)]
  0x000000001e4c0800 JavaThread "redisson-netty-4-7" [_thread_blocked, id=13652, stack(0x000000001fd60000,0x000000001fe60000)]
  0x000000001e4c0000 JavaThread "redisson-netty-4-6" [_thread_blocked, id=8604, stack(0x000000001fb70000,0x000000001fc70000)]
  0x000000001e4bf000 JavaThread "redisson-netty-4-5" [_thread_blocked, id=11656, stack(0x000000001f9b0000,0x000000001fab0000)]
  0x000000001e4be800 JavaThread "redisson-netty-4-4" [_thread_blocked, id=5740, stack(0x000000001f730000,0x000000001f830000)]
  0x000000001e4bd800 JavaThread "redisson-netty-4-3" [_thread_blocked, id=15628, stack(0x000000001f540000,0x000000001f640000)]
  0x000000001e4bc000 JavaThread "redisson-netty-4-2" [_thread_blocked, id=8692, stack(0x000000001bf90000,0x000000001c090000)]
  0x000000001e4bd000 JavaThread "redisson-netty-4-1" [_thread_blocked, id=14828, stack(0x000000001d460000,0x000000001d560000)]
  0x000000001e44d000 JavaThread "Thread-19" daemon [_thread_in_native, id=8040, stack(0x000000001f3f0000,0x000000001f4f0000)]
  0x000000001bca4000 JavaThread "lettuce-eventExecutorLoop-1-1" daemon [_thread_blocked, id=13176, stack(0x000000001dcd0000,0x000000001ddd0000)]
  0x000000001b9a6000 JavaThread "container-0" [_thread_blocked, id=16340, stack(0x000000001c5f0000,0x000000001c6f0000)]
  0x000000001b9a4000 JavaThread "Catalina-utility-2" [_thread_blocked, id=15288, stack(0x000000001d560000,0x000000001d660000)]
  0x000000001b9a3800 JavaThread "Catalina-utility-1" [_thread_blocked, id=15972, stack(0x000000001d360000,0x000000001d460000)]
  0x000000001af08800 JavaThread "RMI Scheduler(0)" daemon [_thread_blocked, id=11224, stack(0x000000001c0b0000,0x000000001c1b0000)]
  0x00000000199e9000 JavaThread "RMI TCP Connection(1)-192.168.209.1" daemon [_thread_in_native, id=12680, stack(0x000000001aa50000,0x000000001ab50000)]
  0x00000000196e8000 JavaThread "RMI TCP Accept-0" daemon [_thread_in_native, id=16212, stack(0x000000001a560000,0x000000001a660000)]
  0x0000000019550800 JavaThread "Service Thread" daemon [_thread_blocked, id=12740, stack(0x000000001a1f0000,0x000000001a2f0000)]
  0x0000000019524800 JavaThread "C1 CompilerThread2" daemon [_thread_blocked, id=2156, stack(0x0000000019f50000,0x000000001a050000)]
  0x0000000019522800 JavaThread "C2 CompilerThread1" daemon [_thread_blocked, id=13848, stack(0x0000000019d20000,0x0000000019e20000)]
  0x0000000019521800 JavaThread "C2 CompilerThread0" daemon [_thread_blocked, id=13412, stack(0x0000000019bc0000,0x0000000019cc0000)]
  0x00000000194cf000 JavaThread "Monitor Ctrl-Break" daemon [_thread_in_native, id=9660, stack(0x0000000019aa0000,0x0000000019ba0000)]
  0x0000000018ac2800 JavaThread "Attach Listener" daemon [_thread_blocked, id=16256, stack(0x0000000019180000,0x0000000019280000)]
  0x00000000177ef000 JavaThread "Signal Dispatcher" daemon [_thread_blocked, id=15864, stack(0x0000000019000000,0x0000000019100000)]
  0x00000000177d5800 JavaThread "Finalizer" daemon [_thread_blocked, id=5004, stack(0x0000000018870000,0x0000000018970000)]
  0x000000001778e800 JavaThread "Reference Handler" daemon [_thread_blocked, id=14036, stack(0x00000000189b0000,0x0000000018ab0000)]
  0x000000000247f800 JavaThread "main" [_thread_blocked, id=8836, stack(0x0000000002750000,0x0000000002850000)]

Other Threads:
  0x0000000017787800 VMThread [stack: 0x00000000186d0000,0x00000000187d0000] [id=12648]
  0x0000000019756000 WatcherThread [stack: 0x000000001a700000,0x000000001a800000] [id=13712]

VM state:synchronizing (normal execution)

VM Mutex/Monitor currently owned by a thread:  ([mutex/lock_event])
[0x00000000024b8980] Threads_lock - owner thread: 0x0000000017787800

Heap:
 PSYoungGen      total 122880K, used 14168K [0x00000000d5f00000, 0x00000000de700000, 0x0000000100000000)
  eden space 109568K, 12% used [0x00000000d5f00000,0x00000000d6cd6118,0x00000000dca00000)
  from space 13312K, 0% used [0x00000000dcd00000,0x00000000dcd00000,0x00000000dda00000)
  to   space 4096K, 0% used [0x00000000de300000,0x00000000de300000,0x00000000de700000)
 ParOldGen       total 103936K, used 32142K [0x0000000081c00000, 0x0000000088180000, 0x00000000d5f00000)
  object space 103936K, 30% used [0x0000000081c00000,0x0000000083b639f0,0x0000000088180000)
 Metaspace       used 46743K, capacity 49404K, committed 49664K, reserved 1091584K
  class space    used 6108K, capacity 6590K, committed 6656K, reserved 1048576K

Card table byte_map: [0x0000000011e00000,0x0000000012200000] byte_map_base: 0x00000000119f2000

Marking Bits: (ParMarkBitMap*) 0x0000000055920600
 Begin Bits: [0x0000000012ad0000, 0x0000000014a60000)
 End Bits:   [0x0000000014a60000, 0x00000000169f0000)

Polling page: 0x0000000000430000

CodeCache: size=245760Kb used=9718Kb max_used=9797Kb free=236041Kb
 bounds [0x0000000002a40000, 0x00000000033e0000, 0x0000000011a40000]
 total_blobs=5685 nmethods=5157 adapters=439
 compilation: enabled

Compilation events (10 events):
Event: 11.809 Thread 0x0000000019524800 5185       1       io.netty.util.concurrent.SingleThreadEventExecutor::inEventLoop (14 bytes)
Event: 11.810 Thread 0x0000000019524800 nmethod 5185 0x000000000305fc90 code [0x000000000305fde0, 0x000000000305ff10]
Event: 11.811 Thread 0x0000000019524800 5186       1       io.netty.util.concurrent.AbstractEventExecutor::inEventLoop (8 bytes)
Event: 11.811 Thread 0x0000000019524800 nmethod 5186 0x000000000305f990 code [0x000000000305fae0, 0x000000000305fc28]
Event: 11.812 Thread 0x0000000019524800 5187       1       io.netty.util.concurrent.FastThreadLocal::get (28 bytes)
Event: 11.813 Thread 0x0000000019524800 nmethod 5187 0x000000000305e750 code [0x000000000305e940, 0x000000000305f148]
Event: 11.815 Thread 0x0000000019524800 5188       1       io.netty.channel.AbstractChannelHandlerContext::skipContext (34 bytes)
Event: 11.816 Thread 0x0000000019524800 nmethod 5188 0x000000000305e310 code [0x000000000305e480, 0x000000000305e628]
Event: 11.821 Thread 0x0000000019524800 5189       1       java.util.Arrays::fill (28 bytes)
Event: 11.822 Thread 0x0000000019524800 nmethod 5189 0x0000000002e4c690 code [0x0000000002e4c800, 0x0000000002e4ca08]

GC Heap History (10 events):
Event: 8.573 GC heap before
{Heap before GC invocations=12 (full 2):
 PSYoungGen      total 102912K, used 91648K [0x00000000d5f00000, 0x00000000def80000, 0x0000000100000000)
  eden space 91648K, 100% used [0x00000000d5f00000,0x00000000db880000,0x00000000db880000)
  from space 11264K, 0% used [0x00000000db880000,0x00000000db880000,0x00000000dc380000)
  to   space 12800K, 0% used [0x00000000de300000,0x00000000de300000,0x00000000def80000)
 ParOldGen       total 103936K, used 18521K [0x0000000081c00000, 0x0000000088180000, 0x00000000d5f00000)
  object space 103936K, 17% used [0x0000000081c00000,0x0000000082e16548,0x0000000088180000)
 Metaspace       used 38066K, capacity 40272K, committed 40320K, reserved 1083392K
  class space    used 5058K, capacity 5472K, committed 5504K, reserved 1048576K
Event: 8.579 GC heap after
Heap after GC invocations=12 (full 2):
 PSYoungGen      total 113664K, used 3627K [0x00000000d5f00000, 0x00000000de700000, 0x0000000100000000)
  eden space 109568K, 0% used [0x00000000d5f00000,0x00000000d5f00000,0x00000000dca00000)
  from space 4096K, 88% used [0x00000000de300000,0x00000000de68af10,0x00000000de700000)
  to   space 13312K, 0% used [0x00000000dcd00000,0x00000000dcd00000,0x00000000dda00000)
 ParOldGen       total 103936K, used 18593K [0x0000000081c00000, 0x0000000088180000, 0x00000000d5f00000)
  object space 103936K, 17% used [0x0000000081c00000,0x0000000082e28558,0x0000000088180000)
 Metaspace       used 38066K, capacity 40272K, committed 40320K, reserved 1083392K
  class space    used 5058K, capacity 5472K, committed 5504K, reserved 1048576K
}
Event: 9.595 GC heap before
{Heap before GC invocations=13 (full 2):
 PSYoungGen      total 113664K, used 113195K [0x00000000d5f00000, 0x00000000de700000, 0x0000000100000000)
  eden space 109568K, 100% used [0x00000000d5f00000,0x00000000dca00000,0x00000000dca00000)
  from space 4096K, 88% used [0x00000000de300000,0x00000000de68af10,0x00000000de700000)
  to   space 13312K, 0% used [0x00000000dcd00000,0x00000000dcd00000,0x00000000dda00000)
 ParOldGen       total 103936K, used 18593K [0x0000000081c00000, 0x0000000088180000, 0x00000000d5f00000)
  object space 103936K, 17% used [0x0000000081c00000,0x0000000082e28558,0x0000000088180000)
 Metaspace       used 41618K, capacity 44050K, committed 44288K, reserved 1087488K
  class space    used 5541K, capacity 6025K, committed 6144K, reserved 1048576K
Event: 9.605 GC heap after
Heap after GC invocations=13 (full 2):
 PSYoungGen      total 122880K, used 7299K [0x00000000d5f00000, 0x00000000de700000, 0x0000000100000000)
  eden space 109568K, 0% used [0x00000000d5f00000,0x00000000d5f00000,0x00000000dca00000)
  from space 13312K, 54% used [0x00000000dcd00000,0x00000000dd420ed0,0x00000000dda00000)
  to   space 4096K, 0% used [0x00000000de300000,0x00000000de300000,0x00000000de700000)
 ParOldGen       total 103936K, used 18601K [0x0000000081c00000, 0x0000000088180000, 0x00000000d5f00000)
  object space 103936K, 17% used [0x0000000081c00000,0x0000000082e2a558,0x0000000088180000)
 Metaspace       used 41618K, capacity 44050K, committed 44288K, reserved 1087488K
  class space    used 5541K, capacity 6025K, committed 6144K, reserved 1048576K
}
Event: 10.409 GC heap before
{Heap before GC invocations=14 (full 2):
 PSYoungGen      total 122880K, used 116867K [0x00000000d5f00000, 0x00000000de700000, 0x0000000100000000)
  eden space 109568K, 100% used [0x00000000d5f00000,0x00000000dca00000,0x00000000dca00000)
  from space 13312K, 54% used [0x00000000dcd00000,0x00000000dd420ed0,0x00000000dda00000)
  to   space 4096K, 0% used [0x00000000de300000,0x00000000de300000,0x00000000de700000)
 ParOldGen       total 103936K, used 18601K [0x0000000081c00000, 0x0000000088180000, 0x00000000d5f00000)
  object space 103936K, 17% used [0x0000000081c00000,0x0000000082e2a558,0x0000000088180000)
 Metaspace       used 44264K, capacity 46748K, committed 46976K, reserved 1089536K
  class space    used 5791K, capacity 6240K, committed 6272K, reserved 1048576K
Event: 10.428 GC heap after
Heap after GC invocations=14 (full 2):
 PSYoungGen      total 113664K, used 4085K [0x00000000d5f00000, 0x00000000de700000, 0x0000000100000000)
  eden space 109568K, 0% used [0x00000000d5f00000,0x00000000d5f00000,0x00000000dca00000)
  from space 4096K, 99% used [0x00000000de300000,0x00000000de6fd600,0x00000000de700000)
  to   space 13312K, 0% used [0x00000000dcd00000,0x00000000dcd00000,0x00000000dda00000)
 ParOldGen       total 103936K, used 32082K [0x0000000081c00000, 0x0000000088180000, 0x00000000d5f00000)
  object space 103936K, 30% used [0x0000000081c00000,0x0000000083b54870,0x0000000088180000)
 Metaspace       used 44264K, capacity 46748K, committed 46976K, reserved 1089536K
  class space    used 5791K, capacity 6240K, committed 6272K, reserved 1048576K
}
Event: 11.476 GC heap before
{Heap before GC invocations=15 (full 2):
 PSYoungGen      total 113664K, used 47302K [0x00000000d5f00000, 0x00000000de700000, 0x0000000100000000)
  eden space 109568K, 39% used [0x00000000d5f00000,0x00000000d8934238,0x00000000dca00000)
  from space 4096K, 99% used [0x00000000de300000,0x00000000de6fd600,0x00000000de700000)
  to   space 13312K, 0% used [0x00000000dcd00000,0x00000000dcd00000,0x00000000dda00000)
 ParOldGen       total 103936K, used 32082K [0x0000000081c00000, 0x0000000088180000, 0x00000000d5f00000)
  object space 103936K, 30% used [0x0000000081c00000,0x0000000083b54870,0x0000000088180000)
 Metaspace       used 46422K, capacity 48994K, committed 49152K, reserved 1091584K
  class space    used 6065K, capacity 6559K, committed 6656K, reserved 1048576K
Event: 11.488 GC heap after
Heap after GC invocations=15 (full 2):
 PSYoungGen      total 122880K, used 10610K [0x00000000d5f00000, 0x00000000de700000, 0x0000000100000000)
  eden space 109568K, 0% used [0x00000000d5f00000,0x00000000d5f00000,0x00000000dca00000)
  from space 13312K, 79% used [0x00000000dcd00000,0x00000000dd75cbf8,0x00000000dda00000)
  to   space 4096K, 0% used [0x00000000de300000,0x00000000de300000,0x00000000de700000)
 ParOldGen       total 103936K, used 32090K [0x0000000081c00000, 0x0000000088180000, 0x00000000d5f00000)
  object space 103936K, 30% used [0x0000000081c00000,0x0000000083b56870,0x0000000088180000)
 Metaspace       used 46422K, capacity 48994K, committed 49152K, reserved 1091584K
  class space    used 6065K, capacity 6559K, committed 6656K, reserved 1048576K
}
Event: 11.488 GC heap before
{Heap before GC invocations=16 (full 3):
 PSYoungGen      total 122880K, used 10610K [0x00000000d5f00000, 0x00000000de700000, 0x0000000100000000)
  eden space 109568K, 0% used [0x00000000d5f00000,0x00000000d5f00000,0x00000000dca00000)
  from space 13312K, 79% used [0x00000000dcd00000,0x00000000dd75cbf8,0x00000000dda00000)
  to   space 4096K, 0% used [0x00000000de300000,0x00000000de300000,0x00000000de700000)
 ParOldGen       total 103936K, used 32090K [0x0000000081c00000, 0x0000000088180000, 0x00000000d5f00000)
  object space 103936K, 30% used [0x0000000081c00000,0x0000000083b56870,0x0000000088180000)
 Metaspace       used 46422K, capacity 48994K, committed 49152K, reserved 1091584K
  class space    used 6065K, capacity 6559K, committed 6656K, reserved 1048576K
Event: 11.756 GC heap after
Heap after GC invocations=16 (full 3):
 PSYoungGen      total 122880K, used 0K [0x00000000d5f00000, 0x00000000de700000, 0x0000000100000000)
  eden space 109568K, 0% used [0x00000000d5f00000,0x00000000d5f00000,0x00000000dca00000)
  from space 13312K, 0% used [0x00000000dcd00000,0x00000000dcd00000,0x00000000dda00000)
  to   space 4096K, 0% used [0x00000000de300000,0x00000000de300000,0x00000000de700000)
 ParOldGen       total 103936K, used 32142K [0x0000000081c00000, 0x0000000088180000, 0x00000000d5f00000)
  object space 103936K, 30% used [0x0000000081c00000,0x0000000083b639f0,0x0000000088180000)
 Metaspace       used 46421K, capacity 48988K, committed 49152K, reserved 1091584K
  class space    used 6064K, capacity 6558K, committed 6656K, reserved 1048576K
}

Deoptimization events (0 events):
No events

Internal exceptions (10 events):
Event: 11.445 Thread 0x000000001e4bc000 Exception <a 'java/lang/ArrayIndexOutOfBoundsException'> (0x00000000d8168c68) thrown at [C:\re\workspace\8-2-build-windows-amd64-cygwin\jdk8u74\6087\hotspot\src\share\vm\runtime\sharedRuntime.cpp, line 605]
Event: 11.448 Thread 0x000000001e4bc000 Exception <a 'java/lang/ArrayIndexOutOfBoundsException'> (0x00000000d818aad8) thrown at [C:\re\workspace\8-2-build-windows-amd64-cygwin\jdk8u74\6087\hotspot\src\share\vm\runtime\sharedRuntime.cpp, line 605]
Event: 11.451 Thread 0x000000001e4bc000 Exception <a 'java/lang/ArrayIndexOutOfBoundsException'> (0x00000000d819d8c8) thrown at [C:\re\workspace\8-2-build-windows-amd64-cygwin\jdk8u74\6087\hotspot\src\share\vm\runtime\sharedRuntime.cpp, line 605]
Event: 11.452 Thread 0x000000001e4bc000 Exception <a 'java/lang/OutOfMemoryError'> (0x00000000d871c030) thrown at [C:\re\workspace\8-2-build-windows-amd64-cygwin\jdk8u74\6087\hotspot\src\share\vm\prims\jni.cpp, line 735]
Event: 11.452 Thread 0x000000001e4bc000 Exception <a 'java/lang/OutOfMemoryError'> (0x00000000d871c030) thrown at [C:\re\workspace\8-2-build-windows-amd64-cygwin\jdk8u74\6087\hotspot\src\share\vm\prims\jvm.cpp, line 1390]
Event: 11.457 Thread 0x000000001e4c4000 Exception <a 'java/lang/OutOfMemoryError'> (0x00000000d85acde0) thrown at [C:\re\workspace\8-2-build-windows-amd64-cygwin\jdk8u74\6087\hotspot\src\share\vm\prims\jni.cpp, line 735]
Event: 11.457 Thread 0x000000001e4c4000 Exception <a 'java/lang/OutOfMemoryError'> (0x00000000d85acde0) thrown at [C:\re\workspace\8-2-build-windows-amd64-cygwin\jdk8u74\6087\hotspot\src\share\vm\prims\jvm.cpp, line 1390]
Event: 11.459 Thread 0x000000001e4c4800 Exception <a 'java/lang/OutOfMemoryError'> (0x00000000d851c180) thrown at [C:\re\workspace\8-2-build-windows-amd64-cygwin\jdk8u74\6087\hotspot\src\share\vm\prims\jni.cpp, line 735]
Event: 11.459 Thread 0x000000001e4c4800 Exception <a 'java/lang/OutOfMemoryError'> (0x00000000d851c180) thrown at [C:\re\workspace\8-2-build-windows-amd64-cygwin\jdk8u74\6087\hotspot\src\share\vm\prims\jvm.cpp, line 1390]
Event: 11.808 Thread 0x000000000247f800 Exception <a 'org/redisson/client/RedisConnectionException'> (0x00000000d6810078) thrown at [C:\re\workspace\8-2-build-windows-amd64-cygwin\jdk8u74\6087\hotspot\src\share\vm\prims\jni.cpp, line 709]

Events (10 events):
Event: 11.823 Thread 0x000000001e4c8800 Thread added: 0x000000001e4c8800
Event: 11.823 loading class io/netty/channel/AbstractChannel$AbstractUnsafe$5
Event: 11.823 Executing VM operation: RevokeBias
Event: 11.823 loading class io/netty/channel/AbstractChannel$AbstractUnsafe$5 done
Event: 11.823 Thread 0x000000001e4c9000 Thread added: 0x000000001e4c9000
Event: 11.823 Executing VM operation: RevokeBias done
Event: 11.823 loading class io/netty/util/concurrent/DefaultPromise$1
Event: 11.823 loading class io/netty/util/concurrent/DefaultPromise$1 done
Event: 11.823 Executing VM operation: RevokeBias
Event: 11.823 Executing VM operation: RevokeBias done


Dynamic libraries:
0x000000013fe00000 - 0x000000013fe37000 	D:\idea\JDK1.8.0_74_x64\bin\java.exe
0x0000000077140000 - 0x00000000772df000 	C:\Windows\SYSTEM32\ntdll.dll
0x0000000077020000 - 0x000000007713f000 	C:\Windows\system32\kernel32.dll
0x000007fefcf70000 - 0x000007fefcfda000 	C:\Windows\system32\KERNELBASE.dll
0x000007feff080000 - 0x000007feff15b000 	C:\Windows\system32\ADVAPI32.dll
0x000007fefefe0000 - 0x000007feff07f000 	C:\Windows\system32\msvcrt.dll
0x000007fefefb0000 - 0x000007fefefcf000 	C:\Windows\SYSTEM32\sechost.dll
0x000007fefec90000 - 0x000007fefedbc000 	C:\Windows\system32\RPCRT4.dll
0x0000000076f20000 - 0x000000007701a000 	C:\Windows\system32\USER32.dll
0x000007fefd240000 - 0x000007fefd2a7000 	C:\Windows\system32\GDI32.dll
0x000007fefefd0000 - 0x000007fefefde000 	C:\Windows\system32\LPK.dll
0x000007fefe860000 - 0x000007fefe92b000 	C:\Windows\system32\USP10.dll
0x000007fefa580000 - 0x000007fefa774000 	C:\Windows\WinSxS\amd64_microsoft.windows.common-controls_6595b64144ccf1df_6.0.7601.18837_none_fa3b1e3d17594757\COMCTL32.dll
0x000007fefd6b0000 - 0x000007fefd721000 	C:\Windows\system32\SHLWAPI.dll
0x000007fefd2b0000 - 0x000007fefd2de000 	C:\Windows\system32\IMM32.DLL
0x000007fefe6d0000 - 0x000007fefe7d9000 	C:\Windows\system32\MSCTF.dll
0x00000000559a0000 - 0x0000000055a72000 	D:\idea\JDK1.8.0_74_x64\jre\bin\msvcr100.dll
0x0000000055110000 - 0x00000000559a0000 	D:\idea\JDK1.8.0_74_x64\jre\bin\server\jvm.dll
0x000007fef0ec0000 - 0x000007fef0ec9000 	C:\Windows\system32\WSOCK32.dll
0x000007fefd1d0000 - 0x000007fefd21d000 	C:\Windows\system32\WS2_32.dll
0x000007fefd730000 - 0x000007fefd738000 	C:\Windows\system32\NSI.dll
0x000007fef3c20000 - 0x000007fef3c5b000 	C:\Windows\system32\WINMM.dll
0x000007fefbe80000 - 0x000007fefbe8c000 	C:\Windows\system32\VERSION.dll
0x00000000772e0000 - 0x00000000772e7000 	C:\Windows\system32\PSAPI.DLL
0x000000006bac0000 - 0x000000006bacf000 	D:\idea\JDK1.8.0_74_x64\jre\bin\verify.dll
0x000000006b2f0000 - 0x000000006b319000 	D:\idea\JDK1.8.0_74_x64\jre\bin\java.dll
0x000000006a4a0000 - 0x000000006a4c3000 	D:\idea\JDK1.8.0_74_x64\jre\bin\instrument.dll
0x000000006b330000 - 0x000000006b346000 	D:\idea\JDK1.8.0_74_x64\jre\bin\zip.dll
0x000007fefd940000 - 0x000007fefe6ca000 	C:\Windows\system32\SHELL32.dll
0x000007fefd740000 - 0x000007fefd93c000 	C:\Windows\system32\ole32.dll
0x000007fefce10000 - 0x000007fefce1f000 	C:\Windows\system32\profapi.dll
0x000007fef0ed0000 - 0x000007fef0eea000 	D:\idea\IntelliJ IDEA 2019.3.3\bin\breakgen64.dll
0x000000006a390000 - 0x000000006a3aa000 	D:\idea\JDK1.8.0_74_x64\jre\bin\net.dll
0x000007fefc590000 - 0x000007fefc5e5000 	C:\Windows\system32\mswsock.dll
0x000007fefc580000 - 0x000007fefc587000 	C:\Windows\System32\wship6.dll
0x000007fefbf50000 - 0x000007fefbf57000 	C:\Windows\System32\wshtcpip.dll
0x000007fefc410000 - 0x000007fefc46b000 	C:\Windows\system32\DNSAPI.dll
0x000007fefb440000 - 0x000007fefb467000 	C:\Windows\system32\IPHLPAPI.DLL
0x000007fefb420000 - 0x000007fefb42b000 	C:\Windows\system32\WINNSI.DLL
0x000007fef4240000 - 0x000007fef4248000 	C:\Windows\system32\rasadhlp.dll
0x000007fefb260000 - 0x000007fefb2b3000 	C:\Windows\System32\fwpuclnt.dll
0x000000006bb00000 - 0x000000006bb0d000 	D:\idea\JDK1.8.0_74_x64\jre\bin\management.dll
0x000000006a370000 - 0x000000006a381000 	D:\idea\JDK1.8.0_74_x64\jre\bin\nio.dll
0x000007fefc5f0000 - 0x000007fefc608000 	C:\Windows\system32\CRYPTSP.dll
0x000007fefc2f0000 - 0x000007fefc337000 	C:\Windows\system32\rsaenh.dll
0x000007fefce40000 - 0x000007fefce5e000 	C:\Windows\system32\USERENV.dll
0x000007fefccb0000 - 0x000007fefccbf000 	C:\Windows\system32\CRYPTBASE.dll
0x000007fefb230000 - 0x000007fefb248000 	C:\Windows\system32\dhcpcsvc.DLL
0x000007fefb110000 - 0x000007fefb121000 	C:\Windows\system32\dhcpcsvc6.DLL
0x000007fefb770000 - 0x000007fefb785000 	C:\Windows\system32\NLAapi.dll
0x000007fef5b60000 - 0x000007fef5b75000 	C:\Windows\system32\napinsp.dll
0x000007fef5b40000 - 0x000007fef5b59000 	C:\Windows\system32\pnrpnsp.dll
0x000007fef5b30000 - 0x000007fef5b3b000 	C:\Windows\System32\winrnr.dll
0x000007fef5b20000 - 0x000007fef5b30000 	C:\Windows\system32\wshbth.dll

VM Arguments:
jvm_args: -XX:TieredStopAtLevel=1 -Xverify:none -Dspring.output.ansi.enabled=always -Dcom.sun.management.jmxremote -Dspring.jmx.enabled=true -Dspring.liveBeansView.mbeanDomain -Dspring.application.admin.enabled=true -javaagent:D:\idea\IntelliJ IDEA 2019.3.3\lib\idea_rt.jar=55580:D:\idea\IntelliJ IDEA 2019.3.3\bin -Dfile.encoding=UTF-8 
java_command: com.woniuxy.CampFoodStart
java_class_path (initial): D:\idea\JDK1.8.0_74_x64\jre\lib\charsets.jar;D:\idea\JDK1.8.0_74_x64\jre\lib\deploy.jar;D:\idea\JDK1.8.0_74_x64\jre\lib\ext\access-bridge-64.jar;D:\idea\JDK1.8.0_74_x64\jre\lib\ext\cldrdata.jar;D:\idea\JDK1.8.0_74_x64\jre\lib\ext\dnsns.jar;D:\idea\JDK1.8.0_74_x64\jre\lib\ext\jaccess.jar;D:\idea\JDK1.8.0_74_x64\jre\lib\ext\jfxrt.jar;D:\idea\JDK1.8.0_74_x64\jre\lib\ext\localedata.jar;D:\idea\JDK1.8.0_74_x64\jre\lib\ext\nashorn.jar;D:\idea\JDK1.8.0_74_x64\jre\lib\ext\sunec.jar;D:\idea\JDK1.8.0_74_x64\jre\lib\ext\sunjce_provider.jar;D:\idea\JDK1.8.0_74_x64\jre\lib\ext\sunmscapi.jar;D:\idea\JDK1.8.0_74_x64\jre\lib\ext\sunpkcs11.jar;D:\idea\JDK1.8.0_74_x64\jre\lib\ext\zipfs.jar;D:\idea\JDK1.8.0_74_x64\jre\lib\javaws.jar;D:\idea\JDK1.8.0_74_x64\jre\lib\jce.jar;D:\idea\JDK1.8.0_74_x64\jre\lib\jfr.jar;D:\idea\JDK1.8.0_74_x64\jre\lib\jfxswt.jar;D:\idea\JDK1.8.0_74_x64\jre\lib\jsse.jar;D:\idea\JDK1.8.0_74_x64\jre\lib\management-agent.jar;D:\idea\JDK1.8.0_74_x64\jre\lib\plugin.jar;D:\idea\JDK1.8.0_74_x64\jre\lib\resources.jar;D:\idea\JDK1.8.0_74_x64\jre\lib\rt.jar;D:\idea\class\limoItem\campFoods\target\classes;D:\JAVA\apache-maven-3.6.3\repository\org\springframework\boot\spring-boot-starter-web\2.3.2.RELEASE\spring-boot-starter-web-2.3.2.RELEASE.jar;D:\JAVA\apache-maven-3.6.3\repository\org\springframework\boot\spring-boot-starter\2.3.2.RELEASE\spring-boot-starter-2.3.2.RELEASE.jar;D:\JAVA\apache-maven-3.6.3\repository\org\springframework\boot\spring-boot\2.3.2.RELEASE\spring-boot-2.3.2.RELEASE.jar;D:\JAVA\apache-maven-3.6.3\repository\org\springframework\boot\spring-boot-starter-logging\2.3.2.RELEASE\spring-boot-starter-logging-2.3.2.RELEASE.jar;D:\JAVA\apache-maven-3.6.3\repository\ch\qos\logback\logback-classic\1.2.3\logback-classic-1.2.3.jar;D:\JAVA\apache-maven-3.6.3\repository\ch\qos\logback\logback-core\1.2.3\logback-core-1.2.3.jar;D:\JAVA\apache-maven-3.6.3\repository\org\apache\logging\log4j\log4j-to-slf4j\2.13.3\log4j-to-slf4j-2.13.3.jar
Launcher Type: SUN_STANDARD

Environment Variables:
JAVA_HOME=D:\JAVA\JDK1.8.0_74_x64
PATH=D:\linux\xftp\;D:\JAVA\JDK1.8.0_74_x64\bin;C:\Windows\system32;C:\Windows;C:\Windows\System32\Wbem;C:\Windows\System32\WindowsPowerShell\v1.0\;D:\Windows-D盘更新软件\Win7优化大师绿色;D:\JAVA\mysql-5.6.44-winx64\bin;D:\JAVA\apache-tomcat-8.5.56\bin;D:\软件\svn\bin;D:\JAVA\apache-maven-3.6.3\bin;D:\JAVA\软件\Typora\pandoc;D;\JAVA\json\;C:\Users\Administrator\AppData\Local\Yarn\Data\global\node_modules\.bin;D:\git\Git\cmd;D:\git\bin;D:\idea\IntelliJ IDEA 2019.3.3\bin;;C:\Users\Administrator\AppData\Roaming\npm
USERNAME=Administrator
OS=Windows_NT
PROCESSOR_IDENTIFIER=Intel64 Family 6 Model 42 Stepping 7, GenuineIntel



---------------  S Y S T E M  ---------------

OS: Windows 7 , 64 bit Build 7601 (6.1.7601.24384)

CPU:total 4 (2 cores per cpu, 2 threads per core) family 6 model 42 stepping 7, cmov, cx8, fxsr, mmx, sse, sse2, sse3, ssse3, sse4.1, sse4.2, popcnt, avx, aes, clmul, ht, tsc, tscinvbit

Memory: 4k page, physical 8268016k(1566084k free), swap 10363264k(1576k free)

vm_info: Java HotSpot(TM) 64-Bit Server VM (25.74-b02) for windows-amd64 JRE (1.8.0_74-b02), built on Jan 29 2016 17:42:36 by "java_re" with MS VC++ 10.0 (VS2010)

time: Wed Nov 18 15:01:10 2020
elapsed time: 11 seconds (0d 0h 0m 11s)

