#
# There is insufficient memory for the Java Runtime Environment to continue.
# Native memory allocation (malloc) failed to allocate 706656 bytes for Chunk::new
# Possible reasons:
#   The system is out of physical RAM or swap space
#   In 32 bit mode, the process size limit was hit
# Possible solutions:
#   Reduce memory load on the system
#   Increase physical memory or swap space
#   Check if swap backing store is full
#   Use 64 bit Java on a 64 bit OS
#   Decrease Java heap size (-Xmx/-Xms)
#   Decrease number of Java threads
#   Decrease Java thread stack sizes (-Xss)
#   Set larger code cache with -XX:ReservedCodeCacheSize=
# This output file may be truncated or incomplete.
#
#  Out of Memory Error (allocation.cpp:390), pid=13700, tid=10172
#
# JRE version: Java(TM) SE Runtime Environment (8.0_74-b02) (build 1.8.0_74-b02)
# Java VM: Java HotSpot(TM) 64-Bit Server VM (25.74-b02 mixed mode windows-amd64 compressed oops)
# Failed to write core dump. Minidumps are not enabled by default on client versions of Windows
#

---------------  T H R E A D  ---------------

Current thread (0x0000000059447800):  JavaThread "C2 CompilerThread1" daemon [_thread_in_native, id=10172, stack(0x000000005a490000,0x000000005a590000)]

Stack: [0x000000005a490000,0x000000005a590000]
[error occurred during error reporting (printing stack bounds), id 0xc0000005]

Native frames: (J=compiled Java code, j=interpreted, Vv=VM code, C=native code)


Current CompileTask:
C2:1852860 6573   !   4       java.net.URL::<init> (543 bytes)


---------------  P R O C E S S  ---------------

Java Threads: ( => current thread )
  0x000000005cfc5800 JavaThread "logback-8" daemon [_thread_blocked, id=7848, stack(0x0000000065130000,0x0000000065230000)]
  0x000000005cfc4800 JavaThread "logback-7" daemon [_thread_blocked, id=15824, stack(0x0000000065950000,0x0000000065a50000)]
  0x000000005cfc4000 JavaThread "logback-6" daemon [_thread_blocked, id=1864, stack(0x0000000065630000,0x0000000065730000)]
  0x000000005cfc3000 JavaThread "logback-5" daemon [_thread_blocked, id=11408, stack(0x0000000065750000,0x0000000065850000)]
  0x000000005cfc2800 JavaThread "logback-4" daemon [_thread_blocked, id=9200, stack(0x0000000065380000,0x0000000065480000)]
  0x000000005cfc1800 JavaThread "logback-3" daemon [_thread_blocked, id=14136, stack(0x00000000654d0000,0x00000000655d0000)]
  0x000000005cfc1000 JavaThread "logback-2" daemon [_thread_blocked, id=14700, stack(0x0000000063ed0000,0x0000000063fd0000)]
  0x000000005cfc0000 JavaThread "com.alibaba.nacos.naming.beat.sender" daemon [_thread_blocked, id=16840, stack(0x00000000638d0000,0x00000000639d0000)]
  0x000000005d08a800 JavaThread "DestroyJavaVM" [_thread_blocked, id=16984, stack(0x0000000002720000,0x0000000002820000)]
  0x000000005d089800 JavaThread "com.alibaba.nacos.client.naming.updater" daemon [_thread_blocked, id=15664, stack(0x0000000063db0000,0x0000000063eb0000)]
  0x000000005d089000 JavaThread "com.alibaba.nacos.naming.beat.sender" daemon [_thread_blocked, id=11576, stack(0x00000000639f0000,0x0000000063af0000)]
  0x000000005d088000 JavaThread "http-nio-8081-Acceptor" daemon [_thread_in_native, id=8272, stack(0x00000000637b0000,0x00000000638b0000)]
  0x000000005d087800 JavaThread "http-nio-8081-ClientPoller" daemon [_thread_in_native, id=12264, stack(0x000000005a760000,0x000000005a860000)]
  0x000000005d086800 JavaThread "http-nio-8081-exec-10" daemon [_thread_blocked, id=8188, stack(0x0000000063660000,0x0000000063760000)]
  0x000000005d086000 JavaThread "http-nio-8081-exec-9" daemon [_thread_blocked, id=13864, stack(0x0000000063560000,0x0000000063660000)]
  0x000000005d085000 JavaThread "http-nio-8081-exec-8" daemon [_thread_blocked, id=14068, stack(0x00000000633a0000,0x00000000634a0000)]
  0x000000005d084800 JavaThread "http-nio-8081-exec-7" daemon [_thread_blocked, id=10536, stack(0x0000000063230000,0x0000000063330000)]
  0x000000005d083800 JavaThread "http-nio-8081-exec-6" daemon [_thread_blocked, id=14128, stack(0x00000000630c0000,0x00000000631c0000)]
  0x000000005b3fe000 JavaThread "http-nio-8081-exec-5" daemon [_thread_blocked, id=11952, stack(0x0000000062f70000,0x0000000063070000)]
  0x000000005b3fd800 JavaThread "http-nio-8081-exec-4" daemon [_thread_blocked, id=14184, stack(0x0000000062e40000,0x0000000062f40000)]
  0x000000005b3fc800 JavaThread "http-nio-8081-exec-3" daemon [_thread_blocked, id=5280, stack(0x0000000062620000,0x0000000062720000)]
  0x000000005b3fc000 JavaThread "http-nio-8081-exec-2" daemon [_thread_blocked, id=14576, stack(0x0000000062c60000,0x0000000062d60000)]
  0x000000005b3fb000 JavaThread "http-nio-8081-exec-1" daemon [_thread_in_vm, id=11284, stack(0x0000000062b20000,0x0000000062c20000)]
  0x000000005e66a800 JavaThread "http-nio-8081-BlockPoller" daemon [_thread_in_native, id=14200, stack(0x00000000629f0000,0x0000000062af0000)]
  0x000000005e66a000 JavaThread "Nacos-Watch-Task-Scheduler-1" [_thread_blocked, id=14740, stack(0x00000000623d0000,0x00000000624d0000)]
  0x000000005e669000 JavaThread "com.alibaba.nacos.client.naming.updater" daemon [_thread_blocked, id=14448, stack(0x00000000624d0000,0x00000000625d0000)]
  0x000000005e668800 JavaThread "Keep-Alive-Timer" daemon [_thread_blocked, id=15144, stack(0x0000000061ec0000,0x0000000061fc0000)]
  0x000000005e667800 JavaThread "Timer-0" daemon [_thread_blocked, id=14508, stack(0x0000000062730000,0x0000000062830000)]
  0x000000005e667000 JavaThread "com.alibaba.nacos.naming.push.receiver" daemon [_thread_in_native, id=14380, stack(0x0000000061d50000,0x0000000061e50000)]
  0x000000005e666000 JavaThread "com.alibaba.nacos.naming.failover" daemon [_thread_blocked, id=12824, stack(0x0000000061be0000,0x0000000061ce0000)]
  0x000000005e665800 JavaThread "com.alibaba.nacos.client.naming.updater" daemon [_thread_blocked, id=4004, stack(0x0000000061850000,0x0000000061950000)]
  0x000000005e664800 JavaThread "com.alibaba.nacos.client.naming.updater" daemon [_thread_blocked, id=16284, stack(0x0000000061a10000,0x0000000061b10000)]
  0x000000005e664000 JavaThread "com.alibaba.nacos.naming.client.listener" daemon [_thread_blocked, id=12448, stack(0x0000000060be0000,0x0000000060ce0000)]
  0x000000005ec16800 JavaThread "logback-1" daemon [_thread_blocked, id=4972, stack(0x0000000061740000,0x0000000061840000)]
  0x000000005ca78000 JavaThread "spring.cloud.inetutils" daemon [_thread_blocked, id=7672, stack(0x00000000613e0000,0x00000000614e0000)]
  0x000000005d002000 JavaThread "container-0" [_thread_blocked, id=15780, stack(0x000000005ed20000,0x000000005ee20000)]
  0x000000005ba95000 JavaThread "Catalina-utility-2" [_thread_blocked, id=15776, stack(0x00000000605a0000,0x00000000606a0000)]
  0x00000000597dc800 JavaThread "Catalina-utility-1" [_thread_blocked, id=15056, stack(0x000000005c400000,0x000000005c500000)]
  0x0000000059475800 JavaThread "Service Thread" daemon [_thread_blocked, id=14480, stack(0x000000005a950000,0x000000005aa50000)]
  0x0000000059449000 JavaThread "C1 CompilerThread2" daemon [_thread_blocked, id=14080, stack(0x000000005a620000,0x000000005a720000)]
=>0x0000000059447800 JavaThread "C2 CompilerThread1" daemon [_thread_in_native, id=10172, stack(0x000000005a490000,0x000000005a590000)]
  0x0000000059446000 JavaThread "C2 CompilerThread0" daemon [_thread_in_native, id=5964, stack(0x0000000058660000,0x0000000058760000)]
  0x000000005940e000 JavaThread "Monitor Ctrl-Break" daemon [_thread_in_native, id=9984, stack(0x00000000599a0000,0x0000000059aa0000)]
  0x000000005753f000 JavaThread "Attach Listener" daemon [_thread_blocked, id=11932, stack(0x0000000059070000,0x0000000059170000)]
  0x0000000058a23800 JavaThread "Signal Dispatcher" daemon [_thread_blocked, id=8116, stack(0x0000000058ee0000,0x0000000058fe0000)]
  0x0000000057521800 JavaThread "Finalizer" daemon [_thread_blocked, id=3204, stack(0x0000000058910000,0x0000000058a10000)]
  0x00000000574da800 JavaThread "Reference Handler" daemon [_thread_blocked, id=13788, stack(0x0000000058800000,0x0000000058900000)]

Other Threads:
  0x00000000574d3000 VMThread [stack: 0x0000000058510000,0x0000000058610000] [id=11908]
  0x0000000059512000 WatcherThread [stack: 0x000000005aa60000,0x000000005ab60000] [id=12564]

VM state:not at safepoint (normal execution)

VM Mutex/Monitor currently owned by a thread: None

Heap:
 PSYoungGen      total 452096K, used 153684K [0x00000000d5f00000, 0x00000000f3f00000, 0x0000000100000000)
  eden space 435200K, 31% used [0x00000000d5f00000,0x00000000de49b8c8,0x00000000f0800000)
  from space 16896K, 99% used [0x00000000f2e80000,0x00000000f3ef9818,0x00000000f3f00000)
  to   space 19456K, 0% used [0x00000000f1900000,0x00000000f1900000,0x00000000f2c00000)
 ParOldGen       total 67584K, used 16147K [0x0000000081c00000, 0x0000000085e00000, 0x00000000d5f00000)
  object space 67584K, 23% used [0x0000000081c00000,0x0000000082bc4ef8,0x0000000085e00000)
 Metaspace       used 50903K, capacity 53811K, committed 53976K, reserved 1095680K
  class space    used 6579K, capacity 7068K, committed 7168K, reserved 1048576K

Card table byte_map: [0x0000000011be0000,0x0000000011fe0000] byte_map_base: 0x00000000117d2000

Marking Bits: (ParMarkBitMap*) 0x000000005a2d0600
 Begin Bits: [0x0000000012820000, 0x00000000147b0000)
 End Bits:   [0x00000000147b0000, 0x0000000016740000)

Polling page: 0x0000000000140000

CodeCache: size=245760Kb used=17486Kb max_used=17501Kb free=228273Kb
 bounds [0x0000000002820000, 0x0000000003950000, 0x0000000011820000]
 total_blobs=6126 nmethods=5630 adapters=407
 compilation: enabled

Compilation events (10 events):
Event: 1835.496 Thread 0x0000000059449000 6569  s    3       sun.net.www.http.HttpClient::putInKeepAliveCache (42 bytes)
Event: 1835.496 Thread 0x0000000059449000 nmethod 6569 0x0000000003928b10 code [0x0000000003928c80, 0x0000000003929028]
Event: 1843.665 Thread 0x0000000059449000 6570       3       org.springframework.context.event.AbstractApplicationEventMulticaster$ListenerCacheKey::hashCode (19 bytes)
Event: 1843.665 Thread 0x0000000059449000 nmethod 6570 0x0000000003928490 code [0x0000000003928620, 0x00000000039289d8]
Event: 1852.405 Thread 0x0000000059446000 6571       4       java.security.CodeSource::hashCode (17 bytes)
Event: 1852.410 Thread 0x0000000059449000 6572       3       org.apache.juli.logging.DirectJDKLog::isDebugEnabled (11 bytes)
Event: 1852.411 Thread 0x0000000059449000 nmethod 6572 0x0000000003927990 code [0x0000000003927b00, 0x0000000003927e70]
Event: 1852.425 Thread 0x0000000059446000 nmethod 6571 0x0000000003946050 code [0x0000000003946340, 0x00000000039475f0]
Event: 1852.427 Thread 0x0000000059447800 6573   !   4       java.net.URL::<init> (543 bytes)
Event: 1852.433 Thread 0x0000000059446000 6574       4       java.net.URLStreamHandler::sameFile (136 bytes)

GC Heap History (10 events):
Event: 5.971 GC heap before
{Heap before GC invocations=6 (full 1):
 PSYoungGen      total 138240K, used 133120K [0x00000000d5f00000, 0x00000000deb00000, 0x0000000100000000)
  eden space 133120K, 100% used [0x00000000d5f00000,0x00000000de100000,0x00000000de100000)
  from space 5120K, 0% used [0x00000000de600000,0x00000000de600000,0x00000000deb00000)
  to   space 5120K, 0% used [0x00000000de100000,0x00000000de100000,0x00000000de600000)
 ParOldGen       total 48640K, used 5426K [0x0000000081c00000, 0x0000000084b80000, 0x00000000d5f00000)
  object space 48640K, 11% used [0x0000000081c00000,0x000000008214c900,0x0000000084b80000)
 Metaspace       used 24001K, capacity 25228K, committed 25344K, reserved 1071104K
  class space    used 3044K, capacity 3292K, committed 3328K, reserved 1048576K
Event: 6.005 GC heap after
Heap after GC invocations=6 (full 1):
 PSYoungGen      total 138240K, used 5088K [0x00000000d5f00000, 0x00000000e6a00000, 0x0000000100000000)
  eden space 133120K, 0% used [0x00000000d5f00000,0x00000000d5f00000,0x00000000de100000)
  from space 5120K, 99% used [0x00000000de100000,0x00000000de5f8020,0x00000000de600000)
  to   space 13312K, 0% used [0x00000000e5d00000,0x00000000e5d00000,0x00000000e6a00000)
 ParOldGen       total 48640K, used 12037K [0x0000000081c00000, 0x0000000084b80000, 0x00000000d5f00000)
  object space 48640K, 24% used [0x0000000081c00000,0x00000000827c1490,0x0000000084b80000)
 Metaspace       used 24001K, capacity 25228K, committed 25344K, reserved 1071104K
  class space    used 3044K, capacity 3292K, committed 3328K, reserved 1048576K
}
Event: 8.416 GC heap before
{Heap before GC invocations=7 (full 1):
 PSYoungGen      total 138240K, used 138208K [0x00000000d5f00000, 0x00000000e6a00000, 0x0000000100000000)
  eden space 133120K, 100% used [0x00000000d5f00000,0x00000000de100000,0x00000000de100000)
  from space 5120K, 99% used [0x00000000de100000,0x00000000de5f8020,0x00000000de600000)
  to   space 13312K, 0% used [0x00000000e5d00000,0x00000000e5d00000,0x00000000e6a00000)
 ParOldGen       total 48640K, used 12037K [0x0000000081c00000, 0x0000000084b80000, 0x00000000d5f00000)
  object space 48640K, 24% used [0x0000000081c00000,0x00000000827c1490,0x0000000084b80000)
 Metaspace       used 31352K, capacity 33138K, committed 33408K, reserved 1079296K
  class space    used 4079K, capacity 4407K, committed 4480K, reserved 1048576K
Event: 8.472 GC heap after
Heap after GC invocations=7 (full 1):
 PSYoungGen      total 257024K, used 13280K [0x00000000d5f00000, 0x00000000e6d80000, 0x0000000100000000)
  eden space 243712K, 0% used [0x00000000d5f00000,0x00000000d5f00000,0x00000000e4d00000)
  from space 13312K, 99% used [0x00000000e5d00000,0x00000000e69f80c8,0x00000000e6a00000)
  to   space 16384K, 0% used [0x00000000e4d00000,0x00000000e4d00000,0x00000000e5d00000)
 ParOldGen       total 48640K, used 13799K [0x0000000081c00000, 0x0000000084b80000, 0x00000000d5f00000)
  object space 48640K, 28% used [0x0000000081c00000,0x0000000082979fa8,0x0000000084b80000)
 Metaspace       used 31352K, capacity 33138K, committed 33408K, reserved 1079296K
  class space    used 4079K, capacity 4407K, committed 4480K, reserved 1048576K
}
Event: 9.211 GC heap before
{Heap before GC invocations=8 (full 1):
 PSYoungGen      total 257024K, used 53819K [0x00000000d5f00000, 0x00000000e6d80000, 0x0000000100000000)
  eden space 243712K, 16% used [0x00000000d5f00000,0x00000000d8696c68,0x00000000e4d00000)
  from space 13312K, 99% used [0x00000000e5d00000,0x00000000e69f80c8,0x00000000e6a00000)
  to   space 16384K, 0% used [0x00000000e4d00000,0x00000000e4d00000,0x00000000e5d00000)
 ParOldGen       total 48640K, used 13799K [0x0000000081c00000, 0x0000000084b80000, 0x00000000d5f00000)
  object space 48640K, 28% used [0x0000000081c00000,0x0000000082979fa8,0x0000000084b80000)
 Metaspace       used 33292K, capacity 35357K, committed 35416K, reserved 1079296K
  class space    used 4373K, capacity 4736K, committed 4736K, reserved 1048576K
Event: 9.304 GC heap after
Heap after GC invocations=8 (full 1):
 PSYoungGen      total 260096K, used 11248K [0x00000000d5f00000, 0x00000000f3f00000, 0x0000000100000000)
  eden space 243712K, 0% used [0x00000000d5f00000,0x00000000d5f00000,0x00000000e4d00000)
  from space 16384K, 68% used [0x00000000e4d00000,0x00000000e57fc340,0x00000000e5d00000)
  to   space 16896K, 0% used [0x00000000f2e80000,0x00000000f2e80000,0x00000000f3f00000)
 ParOldGen       total 48640K, used 13807K [0x0000000081c00000, 0x0000000084b80000, 0x00000000d5f00000)
  object space 48640K, 28% used [0x0000000081c00000,0x000000008297bfa8,0x0000000084b80000)
 Metaspace       used 33292K, capacity 35357K, committed 35416K, reserved 1079296K
  class space    used 4373K, capacity 4736K, committed 4736K, reserved 1048576K
}
Event: 9.304 GC heap before
{Heap before GC invocations=9 (full 2):
 PSYoungGen      total 260096K, used 11248K [0x00000000d5f00000, 0x00000000f3f00000, 0x0000000100000000)
  eden space 243712K, 0% used [0x00000000d5f00000,0x00000000d5f00000,0x00000000e4d00000)
  from space 16384K, 68% used [0x00000000e4d00000,0x00000000e57fc340,0x00000000e5d00000)
  to   space 16896K, 0% used [0x00000000f2e80000,0x00000000f2e80000,0x00000000f3f00000)
 ParOldGen       total 48640K, used 13807K [0x0000000081c00000, 0x0000000084b80000, 0x00000000d5f00000)
  object space 48640K, 28% used [0x0000000081c00000,0x000000008297bfa8,0x0000000084b80000)
 Metaspace       used 33292K, capacity 35357K, committed 35416K, reserved 1079296K
  class space    used 4373K, capacity 4736K, committed 4736K, reserved 1048576K
Event: 9.396 GC heap after
Heap after GC invocations=9 (full 2):
 PSYoungGen      total 260096K, used 0K [0x00000000d5f00000, 0x00000000f3f00000, 0x0000000100000000)
  eden space 243712K, 0% used [0x00000000d5f00000,0x00000000d5f00000,0x00000000e4d00000)
  from space 16384K, 0% used [0x00000000e4d00000,0x00000000e4d00000,0x00000000e5d00000)
  to   space 16896K, 0% used [0x00000000f2e80000,0x00000000f2e80000,0x00000000f3f00000)
 ParOldGen       total 67584K, used 15271K [0x0000000081c00000, 0x0000000085e00000, 0x00000000d5f00000)
  object space 67584K, 22% used [0x0000000081c00000,0x0000000082ae9ef8,0x0000000085e00000)
 Metaspace       used 33292K, capacity 35357K, committed 35416K, reserved 1079296K
  class space    used 4373K, capacity 4736K, committed 4736K, reserved 1048576K
}
Event: 14.179 GC heap before
{Heap before GC invocations=10 (full 2):
 PSYoungGen      total 260096K, used 243712K [0x00000000d5f00000, 0x00000000f3f00000, 0x0000000100000000)
  eden space 243712K, 100% used [0x00000000d5f00000,0x00000000e4d00000,0x00000000e4d00000)
  from space 16384K, 0% used [0x00000000e4d00000,0x00000000e4d00000,0x00000000e5d00000)
  to   space 16896K, 0% used [0x00000000f2e80000,0x00000000f2e80000,0x00000000f3f00000)
 ParOldGen       total 67584K, used 15271K [0x0000000081c00000, 0x0000000085e00000, 0x00000000d5f00000)
  object space 67584K, 22% used [0x0000000081c00000,0x0000000082ae9ef8,0x0000000085e00000)
 Metaspace       used 47641K, capacity 50407K, committed 50776K, reserved 1093632K
  class space    used 6207K, capacity 6682K, committed 6784K, reserved 1048576K
Event: 14.278 GC heap after
Heap after GC invocations=10 (full 2):
 PSYoungGen      total 452096K, used 16870K [0x00000000d5f00000, 0x00000000f3f00000, 0x0000000100000000)
  eden space 435200K, 0% used [0x00000000d5f00000,0x00000000d5f00000,0x00000000f0800000)
  from space 16896K, 99% used [0x00000000f2e80000,0x00000000f3ef9818,0x00000000f3f00000)
  to   space 19456K, 0% used [0x00000000f1900000,0x00000000f1900000,0x00000000f2c00000)
 ParOldGen       total 67584K, used 16147K [0x0000000081c00000, 0x0000000085e00000, 0x00000000d5f00000)
  object space 67584K, 23% used [0x0000000081c00000,0x0000000082bc4ef8,0x0000000085e00000)
 Metaspace       used 47641K, capacity 50407K, committed 50776K, reserved 1093632K
  class space    used 6207K, capacity 6682K, committed 6784K, reserved 1048576K
}

Deoptimization events (10 events):
Event: 14.411 Thread 0x00000000024ba800 Uncommon trap: reason=null_check action=make_not_entrant pc=0x000000000361e0e4 method=org.springframework.core.annotation.AnnotationsScanner.isWithoutHierarchy(Ljava/lang/reflect/AnnotatedElement;Lorg/springframework/core/annotation/MergedAnnotations$Searc»rx­‘Ò,@
Event: 14.411 Thread 0x00000000024ba800 Uncommon trap: reason=null_check action=make_not_entrant pc=0x000000000327ccf0 method=java.lang.Class.createAnnotationData(I)Ljava/lang/Class$AnnotationData; @ 14
Event: 14.411 Thread 0x00000000024ba800 Uncommon trap: reason=null_check action=make_not_entrant pc=0x00000000034b3430 method=org.springframework.core.annotation.AnnotationsScanner.processClassHierarchy(Ljava/lang/Object;[ILjava/lang/Class;Lorg/springframework/core/annotation/AnnotationsProcesso¹3ì¤þ
-@
Event: 14.521 Thread 0x00000000024ba800 Uncommon trap: reason=unstable_if action=reinterpret pc=0x000000000343b75c method=java.util.HashMap.getNode(ILjava/lang/Object;)Ljava/util/HashMap$Node; @ 84
Event: 14.527 Thread 0x00000000024ba800 Uncommon trap: reason=unstable_if action=reinterpret pc=0x0000000002ac7b6c method=java.util.HashMap.getNode(ILjava/lang/Object;)Ljava/util/HashMap$Node; @ 129
Event: 14.567 Thread 0x00000000024ba800 Uncommon trap: reason=unstable_if action=reinterpret pc=0x0000000002931e40 method=java.lang.CharacterData.of(I)Ljava/lang/CharacterData; @ 4
Event: 14.661 Thread 0x00000000024ba800 Uncommon trap: reason=unstable_if action=reinterpret pc=0x0000000002d1bd78 method=java.util.HashMap.resize()[Ljava/util/HashMap$Node; @ 206
Event: 14.787 Thread 0x00000000024ba800 Uncommon trap: reason=null_check action=make_not_entrant pc=0x0000000002d5e3bc method=java.util.AbstractCollection.toArray([Ljava/lang/Object;)[Ljava/lang/Object; @ 119
Event: 1852.410 Thread 0x000000005d087800 Uncommon trap: reason=unstable_if action=reinterpret pc=0x000000000327e6c0 method=sun.nio.ch.WindowsSelectorImpl$SubSelector.processFDSet(J[IIZ)I @ 11
Event: 1852.412 Thread 0x000000005d087800 Uncommon trap: reason=unstable_if action=reinterpret pc=0x000000000388b4ac method=java.util.concurrent.locks.AbstractQueuedSynchronizer.enq(Ljava/util/concurrent/locks/AbstractQueuedSynchronizer$Node;)Ljava/util/concurrent/locks/AbstractQueuedSynchronizer$5ˆŠÒ,@

Internal exceptions (10 events):
Event: 1803.493 Thread 0x000000005e667800 Exception <a 'java/io/FileNotFoundException'> (0x00000000dcb1b068) thrown at [C:\re\workspace\8-2-build-windows-amd64-cygwin\jdk8u74\6087\hotspot\src\share\vm\prims\jni.cpp, line 709]
Event: 1803.493 Thread 0x000000005e667800 Exception <a 'java/io/FileNotFoundException'> (0x00000000dcb1b640) thrown at [C:\re\workspace\8-2-build-windows-amd64-cygwin\jdk8u74\6087\hotspot\src\share\vm\prims\jni.cpp, line 709]
Event: 1813.494 Thread 0x000000005e667800 Exception <a 'java/io/FileNotFoundException'> (0x00000000dcb22378) thrown at [C:\re\workspace\8-2-build-windows-amd64-cygwin\jdk8u74\6087\hotspot\src\share\vm\prims\jni.cpp, line 709]
Event: 1813.494 Thread 0x000000005e667800 Exception <a 'java/io/FileNotFoundException'> (0x00000000dcb22950) thrown at [C:\re\workspace\8-2-build-windows-amd64-cygwin\jdk8u74\6087\hotspot\src\share\vm\prims\jni.cpp, line 709]
Event: 1823.494 Thread 0x000000005e667800 Exception <a 'java/io/FileNotFoundException'> (0x00000000dcb29688) thrown at [C:\re\workspace\8-2-build-windows-amd64-cygwin\jdk8u74\6087\hotspot\src\share\vm\prims\jni.cpp, line 709]
Event: 1823.494 Thread 0x000000005e667800 Exception <a 'java/io/FileNotFoundException'> (0x00000000dcb29c60) thrown at [C:\re\workspace\8-2-build-windows-amd64-cygwin\jdk8u74\6087\hotspot\src\share\vm\prims\jni.cpp, line 709]
Event: 1833.495 Thread 0x000000005e667800 Exception <a 'java/io/FileNotFoundException'> (0x00000000dcb30998) thrown at [C:\re\workspace\8-2-build-windows-amd64-cygwin\jdk8u74\6087\hotspot\src\share\vm\prims\jni.cpp, line 709]
Event: 1833.495 Thread 0x000000005e667800 Exception <a 'java/io/FileNotFoundException'> (0x00000000dcb30f70) thrown at [C:\re\workspace\8-2-build-windows-amd64-cygwin\jdk8u74\6087\hotspot\src\share\vm\prims\jni.cpp, line 709]
Event: 1843.495 Thread 0x000000005e667800 Exception <a 'java/io/FileNotFoundException'> (0x00000000dcb37ca8) thrown at [C:\re\workspace\8-2-build-windows-amd64-cygwin\jdk8u74\6087\hotspot\src\share\vm\prims\jni.cpp, line 709]
Event: 1843.496 Thread 0x000000005e667800 Exception <a 'java/io/FileNotFoundException'> (0x00000000dcb38280) thrown at [C:\re\workspace\8-2-build-windows-amd64-cygwin\jdk8u74\6087\hotspot\src\share\vm\prims\jni.cpp, line 709]

Events (10 events):
Event: 1852.434 loading class org/apache/coyote/http11/InputFilter
Event: 1852.434 loading class org/apache/coyote/http11/InputFilter done
Event: 1852.434 loading class org/apache/coyote/http11/OutputFilter
Event: 1852.434 loading class org/apache/coyote/http11/OutputFilter done
Event: 1852.434 loading class org/apache/coyote/http11/HttpOutputBuffer
Event: 1852.434 loading class org/apache/coyote/http11/HttpOutputBuffer done
Event: 1852.435 loading class org/apache/coyote/http11/HeadersTooLargeException
Event: 1852.435 loading class org/apache/coyote/http11/HeadersTooLargeException done
Event: 1852.435 loading class javax/servlet/http/HttpUpgradeHandler
Event: 1852.435 loading class javax/servlet/http/HttpUpgradeHandler done


Dynamic libraries:
0x000000013f2a0000 - 0x000000013f2d7000 	D:\idea\JDK1.8.0_74_x64\bin\java.exe
0x00000000775c0000 - 0x000000007775f000 	C:\Windows\SYSTEM32\ntdll.dll
0x00000000774a0000 - 0x00000000775bf000 	C:\Windows\system32\kernel32.dll
0x000007fefd3d0000 - 0x000007fefd43a000 	C:\Windows\system32\KERNELBASE.dll
0x000007fefd920000 - 0x000007fefd9fb000 	C:\Windows\system32\ADVAPI32.dll
0x000007feff060000 - 0x000007feff0ff000 	C:\Windows\system32\msvcrt.dll
0x000007feff890000 - 0x000007feff8af000 	C:\Windows\SYSTEM32\sechost.dll
0x000007fefec00000 - 0x000007fefed2c000 	C:\Windows\system32\RPCRT4.dll
0x00000000773a0000 - 0x000000007749a000 	C:\Windows\system32\USER32.dll
0x000007feff820000 - 0x000007feff887000 	C:\Windows\system32\GDI32.dll
0x000007feff700000 - 0x000007feff70e000 	C:\Windows\system32\LPK.dll
0x000007fefe830000 - 0x000007fefe8fb000 	C:\Windows\system32\USP10.dll
0x000007fefb2f0000 - 0x000007fefb4e4000 	C:\Windows\WinSxS\amd64_microsoft.windows.common-controls_6595b64144ccf1df_6.0.7601.18837_none_fa3b1e3d17594757\COMCTL32.dll
0x000007feff630000 - 0x000007feff6a1000 	C:\Windows\system32\SHLWAPI.dll
0x000007feff6b0000 - 0x000007feff6de000 	C:\Windows\system32\IMM32.DLL
0x000007feff710000 - 0x000007feff819000 	C:\Windows\system32\MSCTF.dll
0x00000000606e0000 - 0x00000000607b2000 	D:\idea\JDK1.8.0_74_x64\jre\bin\msvcr100.dll
0x0000000059ac0000 - 0x000000005a350000 	D:\idea\JDK1.8.0_74_x64\jre\bin\server\jvm.dll
0x000007fef2e20000 - 0x000007fef2e29000 	C:\Windows\system32\WSOCK32.dll
0x000007fefe9a0000 - 0x000007fefe9ed000 	C:\Windows\system32\WS2_32.dll
0x000007feff440000 - 0x000007feff448000 	C:\Windows\system32\NSI.dll
0x000007fef9a80000 - 0x000007fef9abb000 	C:\Windows\system32\WINMM.dll
0x000007fefc300000 - 0x000007fefc30c000 	C:\Windows\system32\VERSION.dll
0x0000000077760000 - 0x0000000077767000 	C:\Windows\system32\PSAPI.DLL
0x000000006a680000 - 0x000000006a68f000 	D:\idea\JDK1.8.0_74_x64\jre\bin\verify.dll
0x000000006a650000 - 0x000000006a679000 	D:\idea\JDK1.8.0_74_x64\jre\bin\java.dll
0x000000006a600000 - 0x000000006a623000 	D:\idea\JDK1.8.0_74_x64\jre\bin\instrument.dll
0x000000006a630000 - 0x000000006a646000 	D:\idea\JDK1.8.0_74_x64\jre\bin\zip.dll
0x000007fefdaa0000 - 0x000007fefe82a000 	C:\Windows\system32\SHELL32.dll
0x000007feff160000 - 0x000007feff35c000 	C:\Windows\system32\ole32.dll
0x000007fefd2a0000 - 0x000007fefd2af000 	C:\Windows\system32\profapi.dll
0x000007fefa120000 - 0x000007fefa13a000 	D:\idea\IntelliJ IDEA 2019.3.3\bin\breakgen64.dll
0x000000006a5e0000 - 0x000000006a5fa000 	D:\idea\JDK1.8.0_74_x64\jre\bin\net.dll
0x000007fefca10000 - 0x000007fefca65000 	C:\Windows\system32\mswsock.dll
0x000007fefca00000 - 0x000007fefca07000 	C:\Windows\System32\wship6.dll
0x000007fefb8c0000 - 0x000007fefb8e7000 	C:\Windows\system32\IPHLPAPI.DLL
0x000007fefb8a0000 - 0x000007fefb8ab000 	C:\Windows\system32\WINNSI.DLL
0x000007fefb170000 - 0x000007fefb188000 	C:\Windows\system32\dhcpcsvc.DLL
0x000007fefb150000 - 0x000007fefb161000 	C:\Windows\system32\dhcpcsvc6.DLL
0x000007fefc890000 - 0x000007fefc8eb000 	C:\Windows\system32\DNSAPI.dll
0x000007fefc3d0000 - 0x000007fefc3d7000 	C:\Windows\System32\wshtcpip.dll
0x000007fef47f0000 - 0x000007fef47f8000 	C:\Windows\system32\rasadhlp.dll
0x000007fefb260000 - 0x000007fefb2b3000 	C:\Windows\System32\fwpuclnt.dll
0x000000006a700000 - 0x000000006a70d000 	D:\idea\JDK1.8.0_74_x64\jre\bin\management.dll
0x000007fefbbf0000 - 0x000007fefbc05000 	C:\Windows\system32\NLAapi.dll
0x000007fef4b10000 - 0x000007fef4b25000 	C:\Windows\system32\napinsp.dll
0x000007fef4af0000 - 0x000007fef4b09000 	C:\Windows\system32\pnrpnsp.dll
0x000007fef4ae0000 - 0x000007fef4aeb000 	C:\Windows\System32\winrnr.dll
0x000007fef4ad0000 - 0x000007fef4ae0000 	C:\Windows\system32\wshbth.dll
0x000000006a5c0000 - 0x000000006a5d1000 	D:\idea\JDK1.8.0_74_x64\jre\bin\nio.dll
0x000007fefca70000 - 0x000007fefca88000 	C:\Windows\system32\CRYPTSP.dll
0x000007fefc770000 - 0x000007fefc7b7000 	C:\Windows\system32\rsaenh.dll
0x000007fefd440000 - 0x000007fefd45e000 	C:\Windows\system32\USERENV.dll
0x000007fefd130000 - 0x000007fefd13f000 	C:\Windows\system32\CRYPTBASE.dll

VM Arguments:
jvm_args: -javaagent:D:\idea\IntelliJ IDEA 2019.3.3\lib\idea_rt.jar=62392:D:\idea\IntelliJ IDEA 2019.3.3\bin -Dfile.encoding=UTF-8 
java_command: com.woniuxy.CampStart
java_class_path (initial): D:\idea\JDK1.8.0_74_x64\jre\lib\charsets.jar;D:\idea\JDK1.8.0_74_x64\jre\lib\deploy.jar;D:\idea\JDK1.8.0_74_x64\jre\lib\ext\access-bridge-64.jar;D:\idea\JDK1.8.0_74_x64\jre\lib\ext\cldrdata.jar;D:\idea\JDK1.8.0_74_x64\jre\lib\ext\dnsns.jar;D:\idea\JDK1.8.0_74_x64\jre\lib\ext\jaccess.jar;D:\idea\JDK1.8.0_74_x64\jre\lib\ext\jfxrt.jar;D:\idea\JDK1.8.0_74_x64\jre\lib\ext\localedata.jar;D:\idea\JDK1.8.0_74_x64\jre\lib\ext\nashorn.jar;D:\idea\JDK1.8.0_74_x64\jre\lib\ext\sunec.jar;D:\idea\JDK1.8.0_74_x64\jre\lib\ext\sunjce_provider.jar;D:\idea\JDK1.8.0_74_x64\jre\lib\ext\sunmscapi.jar;D:\idea\JDK1.8.0_74_x64\jre\lib\ext\sunpkcs11.jar;D:\idea\JDK1.8.0_74_x64\jre\lib\ext\zipfs.jar;D:\idea\JDK1.8.0_74_x64\jre\lib\javaws.jar;D:\idea\JDK1.8.0_74_x64\jre\lib\jce.jar;D:\idea\JDK1.8.0_74_x64\jre\lib\jfr.jar;D:\idea\JDK1.8.0_74_x64\jre\lib\jfxswt.jar;D:\idea\JDK1.8.0_74_x64\jre\lib\jsse.jar;D:\idea\JDK1.8.0_74_x64\jre\lib\management-agent.jar;D:\idea\JDK1.8.0_74_x64\jre\lib\plugin.jar;D:\idea\JDK1.8.0_74_x64\jre\lib\resources.jar;D:\idea\JDK1.8.0_74_x64\jre\lib\rt.jar;D:\idea\class\limoItem\campLimo\target\classes;D:\JAVA\apache-maven-3.6.3\repository\org\springframework\boot\spring-boot-starter-web\2.3.2.RELEASE\spring-boot-starter-web-2.3.2.RELEASE.jar;D:\JAVA\apache-maven-3.6.3\repository\org\springframework\boot\spring-boot-starter\2.3.2.RELEASE\spring-boot-starter-2.3.2.RELEASE.jar;D:\JAVA\apache-maven-3.6.3\repository\org\springframework\boot\spring-boot\2.3.2.RELEASE\spring-boot-2.3.2.RELEASE.jar;D:\JAVA\apache-maven-3.6.3\repository\org\springframework\boot\spring-boot-autoconfigure\2.3.2.RELEASE\spring-boot-autoconfigure-2.3.2.RELEASE.jar;D:\JAVA\apache-maven-3.6.3\repository\org\springframework\boot\spring-boot-starter-logging\2.3.2.RELEASE\spring-boot-starter-logging-2.3.2.RELEASE.jar;D:\JAVA\apache-maven-3.6.3\repository\ch\qos\logback\logback-classic\1.2.3\logback-classic-1.2.3.jar;D:\JAVA\apache-maven-3.6.3\repository\ch\qos\logback\logbac
Launcher Type: SUN_STANDARD

Environment Variables:
JAVA_HOME=D:\JAVA\JDK1.8.0_74_x64
PATH=D:\linux\xftp\;D:\JAVA\JDK1.8.0_74_x64\bin;C:\Windows\system32;C:\Windows;C:\Windows\System32\Wbem;C:\Windows\System32\WindowsPowerShell\v1.0\;D:\Windows-DÅÌ¸üÐÂÈí¼þ\Win7ÓÅ»¯´óÊ¦ÂÌÉ«;D:\JAVA\mysql-5.6.44-winx64\bin;D:\JAVA\apache-tomcat-8.5.56\bin;D:\Èí¼þ\svn\bin;D:\JAVA\apache-maven-3.6.3\bin;D:\JAVA\Èí¼þ\Typora\pandoc;D;\JAVA\json\;C:\Users\Administrator\AppData\Local\Yarn\Data\global\node_modules\.bin;D:\git\Git\cmd;D:\git\bin;D:\idea\IntelliJ IDEA 2019.3.3\bin;;C:\Users\Administrator\AppData\Roaming\npm
USERNAME=Administrator
OS=Windows_NT
PROCESSOR_IDENTIFIER=Intel64 Family 6 Model 42 Stepping 7, GenuineIntel



---------------  S Y S T E M  ---------------

OS: Windows 7 , 64 bit Build 7601 (6.1.7601.24384)

CPU:total 4 (2 cores per cpu, 2 threads per core) family 6 model 42 stepping 7, cmov, cx8, fxsr, mmx, sse, sse2, sse3, ssse3, sse4.1, sse4.2, popcnt, avx, aes, clmul, ht, tsc, tscinvbit

Memory: 4k page, physical 8268016k(2378796k free), swap 10363264k(5124k free)

vm_info: Java HotSpot(TM) 64-Bit Server VM (25.74-b02) for windows-amd64 JRE (1.8.0_74-b02), built on Jan 29 2016 17:42:36 by "java_re" with MS VC++ 10.0 (VS2010)

time: Fri Nov 20 14:00:09 2020
elapsed time: 1852 seconds (0d 0h 30m 52s)

